2018-05-03 18:45:09,208 [INFO] from application in play-dev-mode-akka.actor.default-dispatcher-3 - Creating Pool for datasource 'default'
2018-05-03 18:45:09,862 [INFO] from play.api.db.DefaultDBApi in play-dev-mode-akka.actor.default-dispatcher-3 - Database [default] connected at jdbc:mysql://localhost/bookstoredb
2018-05-03 18:45:11,069 [ERROR] from org.jdbcdslog.StatementLogger in play-dev-mode-akka.actor.default-dispatcher-3 - java.sql.Statement.executeQuery: select id, hash, apply_script, revert_script, state, last_problem from play_evolutions where state like 'applying_%';
throws exception: com.mysql.jdbc.exceptions.jdbc4.MySQLSyntaxErrorException: Table 'bookstoredb.play_evolutions' doesn't exist
com.mysql.jdbc.exceptions.jdbc4.MySQLSyntaxErrorException: Table 'bookstoredb.play_evolutions' doesn't exist
	at sun.reflect.NativeConstructorAccessorImpl.newInstance0(Native Method)
	at sun.reflect.NativeConstructorAccessorImpl.newInstance(NativeConstructorAccessorImpl.java:62)
	at sun.reflect.DelegatingConstructorAccessorImpl.newInstance(DelegatingConstructorAccessorImpl.java:45)
	at java.lang.reflect.Constructor.newInstance(Constructor.java:423)
	at com.mysql.jdbc.Util.handleNewInstance(Util.java:425)
	at com.mysql.jdbc.Util.getInstance(Util.java:408)
	at com.mysql.jdbc.SQLError.createSQLException(SQLError.java:943)
	at com.mysql.jdbc.MysqlIO.checkErrorPacket(MysqlIO.java:3973)
	at com.mysql.jdbc.MysqlIO.checkErrorPacket(MysqlIO.java:3909)
	at com.mysql.jdbc.MysqlIO.sendCommand(MysqlIO.java:2527)
	at com.mysql.jdbc.MysqlIO.sqlQueryDirect(MysqlIO.java:2680)
	at com.mysql.jdbc.ConnectionImpl.execSQL(ConnectionImpl.java:2497)
	at com.mysql.jdbc.ConnectionImpl.execSQL(ConnectionImpl.java:2455)
	at com.mysql.jdbc.StatementImpl.executeQuery(StatementImpl.java:1369)
	at com.zaxxer.hikari.pool.ProxyStatement.executeQuery(ProxyStatement.java:111)
	at com.zaxxer.hikari.pool.HikariProxyStatement.executeQuery(HikariProxyStatement.java)
	at sun.reflect.NativeMethodAccessorImpl.invoke0(Native Method)
	at sun.reflect.NativeMethodAccessorImpl.invoke(NativeMethodAccessorImpl.java:62)
	at sun.reflect.DelegatingMethodAccessorImpl.invoke(DelegatingMethodAccessorImpl.java:43)
	at java.lang.reflect.Method.invoke(Method.java:498)
	at org.jdbcdslog.StatementLoggingHandler.invoke(StatementLoggingHandler.java:27)
	at com.sun.proxy.$Proxy29.executeQuery(Unknown Source)
	at play.api.db.evolutions.DatabaseEvolutions.executeQuery(EvolutionsApi.scala:316)
	at play.api.db.evolutions.DatabaseEvolutions.checkEvolutionsState(EvolutionsApi.scala:270)
	at play.api.db.evolutions.DatabaseEvolutions.databaseEvolutions(EvolutionsApi.scala:135)
	at play.api.db.evolutions.DatabaseEvolutions.scripts(EvolutionsApi.scala:110)
	at play.api.db.evolutions.DatabaseEvolutions.scripts(EvolutionsApi.scala:125)
	at play.api.db.evolutions.DefaultEvolutionsApi.scripts(EvolutionsApi.scala:90)
	at play.api.db.evolutions.ApplicationEvolutions.$anonfun$runEvolutions$1(ApplicationEvolutions.scala:53)
	at play.api.db.evolutions.ApplicationEvolutions.withLock(ApplicationEvolutions.scala:100)
	at play.api.db.evolutions.ApplicationEvolutions.runEvolutions(ApplicationEvolutions.scala:49)
	at play.api.db.evolutions.ApplicationEvolutions.$anonfun$start$1(ApplicationEvolutions.scala:42)
	at play.api.db.evolutions.ApplicationEvolutions.$anonfun$start$1$adapted(ApplicationEvolutions.scala:42)
	at scala.collection.immutable.List.foreach(List.scala:389)
	at play.api.db.evolutions.ApplicationEvolutions.start(ApplicationEvolutions.scala:42)
	at play.api.db.evolutions.ApplicationEvolutions.<init>(ApplicationEvolutions.scala:151)
	at play.api.db.evolutions.ApplicationEvolutionsProvider.get$lzycompute(EvolutionsModule.scala:50)
	at play.api.db.evolutions.ApplicationEvolutionsProvider.get(EvolutionsModule.scala:49)
	at play.api.db.evolutions.ApplicationEvolutionsProvider.get(EvolutionsModule.scala:40)
	at com.google.inject.internal.ProviderInternalFactory.provision(ProviderInternalFactory.java:81)
	at com.google.inject.internal.BoundProviderFactory.provision(BoundProviderFactory.java:72)
	at com.google.inject.internal.ProviderInternalFactory.circularGet(ProviderInternalFactory.java:61)
	at com.google.inject.internal.BoundProviderFactory.get(BoundProviderFactory.java:62)
	at com.google.inject.internal.ProviderToInternalFactoryAdapter$1.call(ProviderToInternalFactoryAdapter.java:46)
	at com.google.inject.internal.InjectorImpl.callInContext(InjectorImpl.java:1092)
	at com.google.inject.internal.ProviderToInternalFactoryAdapter.get(ProviderToInternalFactoryAdapter.java:40)
	at com.google.inject.internal.SingletonScope$1.get(SingletonScope.java:194)
	at com.google.inject.internal.InternalFactoryToProviderAdapter.get(InternalFactoryToProviderAdapter.java:41)
	at com.google.inject.internal.InternalInjectorCreator$1.call(InternalInjectorCreator.java:205)
	at com.google.inject.internal.InternalInjectorCreator$1.call(InternalInjectorCreator.java:199)
	at com.google.inject.internal.InjectorImpl.callInContext(InjectorImpl.java:1085)
	at com.google.inject.internal.InternalInjectorCreator.loadEagerSingletons(InternalInjectorCreator.java:199)
	at com.google.inject.internal.InternalInjectorCreator.injectDynamically(InternalInjectorCreator.java:180)
	at com.google.inject.internal.InternalInjectorCreator.build(InternalInjectorCreator.java:110)
	at com.google.inject.Guice.createInjector(Guice.java:99)
	at com.google.inject.Guice.createInjector(Guice.java:84)
	at play.api.inject.guice.GuiceBuilder.injector(GuiceInjectorBuilder.scala:185)
	at play.api.inject.guice.GuiceApplicationBuilder.build(GuiceApplicationBuilder.scala:137)
	at play.api.inject.guice.GuiceApplicationLoader.load(GuiceApplicationLoader.scala:21)
	at play.core.server.DevServerStart$$anon$1.$anonfun$reload$3(DevServerStart.scala:174)
	at play.utils.Threads$.withContextClassLoader(Threads.scala:21)
	at play.core.server.DevServerStart$$anon$1.reload(DevServerStart.scala:171)
	at play.core.server.DevServerStart$$anon$1.get(DevServerStart.scala:124)
	at play.core.server.AkkaHttpServer.handleRequest(AkkaHttpServer.scala:202)
	at play.core.server.AkkaHttpServer.$anonfun$createServerBinding$1(AkkaHttpServer.scala:117)
	at akka.stream.impl.fusing.MapAsync$$anon$25.onPush(Ops.scala:1194)
	at akka.stream.impl.fusing.GraphInterpreter.processPush(GraphInterpreter.scala:519)
	at akka.stream.impl.fusing.GraphInterpreter.processEvent(GraphInterpreter.scala:482)
	at akka.stream.impl.fusing.GraphInterpreter.execute(GraphInterpreter.scala:378)
	at akka.stream.impl.fusing.GraphInterpreterShell.runBatch(ActorGraphInterpreter.scala:585)
	at akka.stream.impl.fusing.GraphInterpreterShell$AsyncInput.execute(ActorGraphInterpreter.scala:469)
	at akka.stream.impl.fusing.GraphInterpreterShell.processEvent(ActorGraphInterpreter.scala:560)
	at akka.stream.impl.fusing.ActorGraphInterpreter.akka$stream$impl$fusing$ActorGraphInterpreter$$processEvent(ActorGraphInterpreter.scala:742)
	at akka.stream.impl.fusing.ActorGraphInterpreter$$anonfun$receive$1.applyOrElse(ActorGraphInterpreter.scala:757)
	at akka.actor.Actor.aroundReceive(Actor.scala:517)
	at akka.actor.Actor.aroundReceive$(Actor.scala:515)
	at akka.stream.impl.fusing.ActorGraphInterpreter.aroundReceive(ActorGraphInterpreter.scala:667)
	at akka.actor.ActorCell.receiveMessage(ActorCell.scala:590)
	at akka.actor.ActorCell.invoke(ActorCell.scala:559)
	at akka.dispatch.Mailbox.processMailbox(Mailbox.scala:257)
	at akka.dispatch.Mailbox.run(Mailbox.scala:224)
	at akka.dispatch.Mailbox.exec(Mailbox.scala:234)
	at akka.dispatch.forkjoin.ForkJoinTask.doExec(ForkJoinTask.java:260)
	at akka.dispatch.forkjoin.ForkJoinPool$WorkQueue.runTask(ForkJoinPool.java:1339)
	at akka.dispatch.forkjoin.ForkJoinPool.runWorker(ForkJoinPool.java:1979)
	at akka.dispatch.forkjoin.ForkJoinWorkerThread.run(ForkJoinWorkerThread.java:107)
2018-05-03 18:45:12,332 [ERROR] from application in play-dev-mode-akka.actor.default-dispatcher-3 - 

! @77nko7bl4 - Internal server error, for (GET) [/] ->
 
play.api.db.evolutions.InvalidDatabaseRevision: Database 'default' needs evolution![An SQL script need to be run on your database.]
	at play.api.db.evolutions.ApplicationEvolutions.$anonfun$runEvolutions$1(ApplicationEvolutions.scala:78)
	at play.api.db.evolutions.ApplicationEvolutions.withLock(ApplicationEvolutions.scala:100)
	at play.api.db.evolutions.ApplicationEvolutions.runEvolutions(ApplicationEvolutions.scala:49)
	at play.api.db.evolutions.ApplicationEvolutions.$anonfun$start$1(ApplicationEvolutions.scala:42)
	at play.api.db.evolutions.ApplicationEvolutions.$anonfun$start$1$adapted(ApplicationEvolutions.scala:42)
	at scala.collection.immutable.List.foreach(List.scala:389)
	at play.api.db.evolutions.ApplicationEvolutions.start(ApplicationEvolutions.scala:42)
	at play.api.db.evolutions.ApplicationEvolutions.<init>(ApplicationEvolutions.scala:151)
	at play.api.db.evolutions.ApplicationEvolutionsProvider.get$lzycompute(EvolutionsModule.scala:50)
	at play.api.db.evolutions.ApplicationEvolutionsProvider.get(EvolutionsModule.scala:49)
	at play.api.db.evolutions.ApplicationEvolutionsProvider.get(EvolutionsModule.scala:40)
	at com.google.inject.internal.ProviderInternalFactory.provision(ProviderInternalFactory.java:81)
	at com.google.inject.internal.BoundProviderFactory.provision(BoundProviderFactory.java:72)
	at com.google.inject.internal.ProviderInternalFactory.circularGet(ProviderInternalFactory.java:61)
	at com.google.inject.internal.BoundProviderFactory.get(BoundProviderFactory.java:62)
	at com.google.inject.internal.ProviderToInternalFactoryAdapter$1.call(ProviderToInternalFactoryAdapter.java:46)
	at com.google.inject.internal.InjectorImpl.callInContext(InjectorImpl.java:1092)
	at com.google.inject.internal.ProviderToInternalFactoryAdapter.get(ProviderToInternalFactoryAdapter.java:40)
	at com.google.inject.internal.SingletonScope$1.get(SingletonScope.java:194)
	at com.google.inject.internal.InternalFactoryToProviderAdapter.get(InternalFactoryToProviderAdapter.java:41)
	at com.google.inject.internal.InternalInjectorCreator$1.call(InternalInjectorCreator.java:205)
	at com.google.inject.internal.InternalInjectorCreator$1.call(InternalInjectorCreator.java:199)
	at com.google.inject.internal.InjectorImpl.callInContext(InjectorImpl.java:1085)
	at com.google.inject.internal.InternalInjectorCreator.loadEagerSingletons(InternalInjectorCreator.java:199)
	at com.google.inject.internal.InternalInjectorCreator.injectDynamically(InternalInjectorCreator.java:180)
	at com.google.inject.internal.InternalInjectorCreator.build(InternalInjectorCreator.java:110)
	at com.google.inject.Guice.createInjector(Guice.java:99)
	at com.google.inject.Guice.createInjector(Guice.java:84)
	at play.api.inject.guice.GuiceBuilder.injector(GuiceInjectorBuilder.scala:185)
	at play.api.inject.guice.GuiceApplicationBuilder.build(GuiceApplicationBuilder.scala:137)
	at play.api.inject.guice.GuiceApplicationLoader.load(GuiceApplicationLoader.scala:21)
	at play.core.server.DevServerStart$$anon$1.$anonfun$reload$3(DevServerStart.scala:174)
	at play.utils.Threads$.withContextClassLoader(Threads.scala:21)
	at play.core.server.DevServerStart$$anon$1.reload(DevServerStart.scala:171)
	at play.core.server.DevServerStart$$anon$1.get(DevServerStart.scala:124)
	at play.core.server.AkkaHttpServer.handleRequest(AkkaHttpServer.scala:202)
	at play.core.server.AkkaHttpServer.$anonfun$createServerBinding$1(AkkaHttpServer.scala:117)
	at akka.stream.impl.fusing.MapAsync$$anon$25.onPush(Ops.scala:1194)
	at akka.stream.impl.fusing.GraphInterpreter.processPush(GraphInterpreter.scala:519)
	at akka.stream.impl.fusing.GraphInterpreter.processEvent(GraphInterpreter.scala:482)
	at akka.stream.impl.fusing.GraphInterpreter.execute(GraphInterpreter.scala:378)
	at akka.stream.impl.fusing.GraphInterpreterShell.runBatch(ActorGraphInterpreter.scala:585)
	at akka.stream.impl.fusing.GraphInterpreterShell$AsyncInput.execute(ActorGraphInterpreter.scala:469)
	at akka.stream.impl.fusing.GraphInterpreterShell.processEvent(ActorGraphInterpreter.scala:560)
	at akka.stream.impl.fusing.ActorGraphInterpreter.akka$stream$impl$fusing$ActorGraphInterpreter$$processEvent(ActorGraphInterpreter.scala:742)
	at akka.stream.impl.fusing.ActorGraphInterpreter$$anonfun$receive$1.applyOrElse(ActorGraphInterpreter.scala:757)
	at akka.actor.Actor.aroundReceive(Actor.scala:517)
	at akka.actor.Actor.aroundReceive$(Actor.scala:515)
	at akka.stream.impl.fusing.ActorGraphInterpreter.aroundReceive(ActorGraphInterpreter.scala:667)
	at akka.actor.ActorCell.receiveMessage(ActorCell.scala:590)
	at akka.actor.ActorCell.invoke(ActorCell.scala:559)
	at akka.dispatch.Mailbox.processMailbox(Mailbox.scala:257)
	at akka.dispatch.Mailbox.run(Mailbox.scala:224)
	at akka.dispatch.Mailbox.exec(Mailbox.scala:234)
	at akka.dispatch.forkjoin.ForkJoinTask.doExec(ForkJoinTask.java:260)
	at akka.dispatch.forkjoin.ForkJoinPool$WorkQueue.runTask(ForkJoinPool.java:1339)
	at akka.dispatch.forkjoin.ForkJoinPool.runWorker(ForkJoinPool.java:1979)
	at akka.dispatch.forkjoin.ForkJoinWorkerThread.run(ForkJoinWorkerThread.java:107)
2018-05-03 18:45:19,847 [INFO] from application in play-dev-mode-akka.actor.default-dispatcher-3 - Shutting down connection pool.
2018-05-03 18:45:20,120 [INFO] from application in play-dev-mode-akka.actor.default-dispatcher-3 - Creating Pool for datasource 'default'
2018-05-03 18:45:20,138 [INFO] from play.api.db.DefaultDBApi in play-dev-mode-akka.actor.default-dispatcher-3 - Database [default] connected at jdbc:mysql://localhost/bookstoredb
2018-05-03 18:45:20,969 [WARN] from org.hibernate.validator.messageinterpolation.ParameterMessageInterpolator in play-dev-mode-akka.actor.default-dispatcher-3 - HV000184: ParameterMessageInterpolator has been chosen, EL interpolation will not be supported
2018-05-03 18:45:21,260 [INFO] from play.api.http.EnabledFilters in play-dev-mode-akka.actor.default-dispatcher-3 - Enabled Filters (see <https://www.playframework.com/documentation/latest/Filters>):

    play.filters.csrf.CSRFFilter
    play.filters.headers.SecurityHeadersFilter
    play.filters.hosts.AllowedHostsFilter

2018-05-03 18:45:21,273 [INFO] from play.api.Play in play-dev-mode-akka.actor.default-dispatcher-3 - Application started (Dev)
